Obtaining file:///flash/PaoU/seann/fmri-edm-ccm
  Installing build dependencies: started
  Installing build dependencies: finished with status 'done'
  Checking if build backend supports build_editable: started
  Checking if build backend supports build_editable: finished with status 'done'
  Getting requirements to build editable: started
  Getting requirements to build editable: finished with status 'done'
  Preparing editable metadata (pyproject.toml): started
  Preparing editable metadata (pyproject.toml): finished with status 'done'
Requirement already satisfied: numpy in /flash/PaoU/seann/fmri-edm-ccm/.venv/lib/python3.11/site-packages (from fmri-edm-ccm==0.0.1) (2.3.4)
Requirement already satisfied: pandas in /flash/PaoU/seann/fmri-edm-ccm/.venv/lib/python3.11/site-packages (from fmri-edm-ccm==0.0.1) (2.3.3)
Requirement already satisfied: scikit-learn in /flash/PaoU/seann/fmri-edm-ccm/.venv/lib/python3.11/site-packages (from fmri-edm-ccm==0.0.1) (1.7.2)
Requirement already satisfied: matplotlib in /flash/PaoU/seann/fmri-edm-ccm/.venv/lib/python3.11/site-packages (from fmri-edm-ccm==0.0.1) (3.10.7)
Requirement already satisfied: pyyaml in /flash/PaoU/seann/fmri-edm-ccm/.venv/lib/python3.11/site-packages (from fmri-edm-ccm==0.0.1) (6.0.3)
Requirement already satisfied: ipywidgets>=8.0 in /flash/PaoU/seann/fmri-edm-ccm/.venv/lib/python3.11/site-packages (from fmri-edm-ccm==0.0.1) (8.1.8)
Requirement already satisfied: comm>=0.1.3 in /flash/PaoU/seann/fmri-edm-ccm/.venv/lib/python3.11/site-packages (from ipywidgets>=8.0->fmri-edm-ccm==0.0.1) (0.2.3)
Requirement already satisfied: ipython>=6.1.0 in /flash/PaoU/seann/fmri-edm-ccm/.venv/lib/python3.11/site-packages (from ipywidgets>=8.0->fmri-edm-ccm==0.0.1) (9.7.0)
Requirement already satisfied: traitlets>=4.3.1 in /flash/PaoU/seann/fmri-edm-ccm/.venv/lib/python3.11/site-packages (from ipywidgets>=8.0->fmri-edm-ccm==0.0.1) (5.14.3)
Requirement already satisfied: widgetsnbextension~=4.0.14 in /flash/PaoU/seann/fmri-edm-ccm/.venv/lib/python3.11/site-packages (from ipywidgets>=8.0->fmri-edm-ccm==0.0.1) (4.0.15)
Requirement already satisfied: jupyterlab_widgets~=3.0.15 in /flash/PaoU/seann/fmri-edm-ccm/.venv/lib/python3.11/site-packages (from ipywidgets>=8.0->fmri-edm-ccm==0.0.1) (3.0.16)
Requirement already satisfied: decorator>=4.3.2 in /flash/PaoU/seann/fmri-edm-ccm/.venv/lib/python3.11/site-packages (from ipython>=6.1.0->ipywidgets>=8.0->fmri-edm-ccm==0.0.1) (5.2.1)
Requirement already satisfied: ipython-pygments-lexers>=1.0.0 in /flash/PaoU/seann/fmri-edm-ccm/.venv/lib/python3.11/site-packages (from ipython>=6.1.0->ipywidgets>=8.0->fmri-edm-ccm==0.0.1) (1.1.1)
Requirement already satisfied: jedi>=0.18.1 in /flash/PaoU/seann/fmri-edm-ccm/.venv/lib/python3.11/site-packages (from ipython>=6.1.0->ipywidgets>=8.0->fmri-edm-ccm==0.0.1) (0.19.2)
Requirement already satisfied: matplotlib-inline>=0.1.5 in /flash/PaoU/seann/fmri-edm-ccm/.venv/lib/python3.11/site-packages (from ipython>=6.1.0->ipywidgets>=8.0->fmri-edm-ccm==0.0.1) (0.2.1)
Requirement already satisfied: pexpect>4.3 in /flash/PaoU/seann/fmri-edm-ccm/.venv/lib/python3.11/site-packages (from ipython>=6.1.0->ipywidgets>=8.0->fmri-edm-ccm==0.0.1) (4.9.0)
Requirement already satisfied: prompt_toolkit<3.1.0,>=3.0.41 in /flash/PaoU/seann/fmri-edm-ccm/.venv/lib/python3.11/site-packages (from ipython>=6.1.0->ipywidgets>=8.0->fmri-edm-ccm==0.0.1) (3.0.52)
Requirement already satisfied: pygments>=2.11.0 in /flash/PaoU/seann/fmri-edm-ccm/.venv/lib/python3.11/site-packages (from ipython>=6.1.0->ipywidgets>=8.0->fmri-edm-ccm==0.0.1) (2.19.2)
Requirement already satisfied: stack_data>=0.6.0 in /flash/PaoU/seann/fmri-edm-ccm/.venv/lib/python3.11/site-packages (from ipython>=6.1.0->ipywidgets>=8.0->fmri-edm-ccm==0.0.1) (0.6.3)
Requirement already satisfied: typing_extensions>=4.6 in /flash/PaoU/seann/fmri-edm-ccm/.venv/lib/python3.11/site-packages (from ipython>=6.1.0->ipywidgets>=8.0->fmri-edm-ccm==0.0.1) (4.15.0)
Requirement already satisfied: wcwidth in /flash/PaoU/seann/fmri-edm-ccm/.venv/lib/python3.11/site-packages (from prompt_toolkit<3.1.0,>=3.0.41->ipython>=6.1.0->ipywidgets>=8.0->fmri-edm-ccm==0.0.1) (0.2.14)
Requirement already satisfied: parso<0.9.0,>=0.8.4 in /flash/PaoU/seann/fmri-edm-ccm/.venv/lib/python3.11/site-packages (from jedi>=0.18.1->ipython>=6.1.0->ipywidgets>=8.0->fmri-edm-ccm==0.0.1) (0.8.5)
Requirement already satisfied: ptyprocess>=0.5 in /flash/PaoU/seann/fmri-edm-ccm/.venv/lib/python3.11/site-packages (from pexpect>4.3->ipython>=6.1.0->ipywidgets>=8.0->fmri-edm-ccm==0.0.1) (0.7.0)
Requirement already satisfied: executing>=1.2.0 in /flash/PaoU/seann/fmri-edm-ccm/.venv/lib/python3.11/site-packages (from stack_data>=0.6.0->ipython>=6.1.0->ipywidgets>=8.0->fmri-edm-ccm==0.0.1) (2.2.1)
Requirement already satisfied: asttokens>=2.1.0 in /flash/PaoU/seann/fmri-edm-ccm/.venv/lib/python3.11/site-packages (from stack_data>=0.6.0->ipython>=6.1.0->ipywidgets>=8.0->fmri-edm-ccm==0.0.1) (3.0.0)
Requirement already satisfied: pure-eval in /flash/PaoU/seann/fmri-edm-ccm/.venv/lib/python3.11/site-packages (from stack_data>=0.6.0->ipython>=6.1.0->ipywidgets>=8.0->fmri-edm-ccm==0.0.1) (0.2.3)
Requirement already satisfied: contourpy>=1.0.1 in /flash/PaoU/seann/fmri-edm-ccm/.venv/lib/python3.11/site-packages (from matplotlib->fmri-edm-ccm==0.0.1) (1.3.3)
Requirement already satisfied: cycler>=0.10 in /flash/PaoU/seann/fmri-edm-ccm/.venv/lib/python3.11/site-packages (from matplotlib->fmri-edm-ccm==0.0.1) (0.12.1)
Requirement already satisfied: fonttools>=4.22.0 in /flash/PaoU/seann/fmri-edm-ccm/.venv/lib/python3.11/site-packages (from matplotlib->fmri-edm-ccm==0.0.1) (4.60.1)
Requirement already satisfied: kiwisolver>=1.3.1 in /flash/PaoU/seann/fmri-edm-ccm/.venv/lib/python3.11/site-packages (from matplotlib->fmri-edm-ccm==0.0.1) (1.4.9)
Requirement already satisfied: packaging>=20.0 in /flash/PaoU/seann/fmri-edm-ccm/.venv/lib/python3.11/site-packages (from matplotlib->fmri-edm-ccm==0.0.1) (25.0)
Requirement already satisfied: pillow>=8 in /flash/PaoU/seann/fmri-edm-ccm/.venv/lib/python3.11/site-packages (from matplotlib->fmri-edm-ccm==0.0.1) (12.0.0)
Requirement already satisfied: pyparsing>=3 in /flash/PaoU/seann/fmri-edm-ccm/.venv/lib/python3.11/site-packages (from matplotlib->fmri-edm-ccm==0.0.1) (3.2.5)
Requirement already satisfied: python-dateutil>=2.7 in /flash/PaoU/seann/fmri-edm-ccm/.venv/lib/python3.11/site-packages (from matplotlib->fmri-edm-ccm==0.0.1) (2.9.0.post0)
Requirement already satisfied: six>=1.5 in /flash/PaoU/seann/fmri-edm-ccm/.venv/lib/python3.11/site-packages (from python-dateutil>=2.7->matplotlib->fmri-edm-ccm==0.0.1) (1.17.0)
Requirement already satisfied: pytz>=2020.1 in /flash/PaoU/seann/fmri-edm-ccm/.venv/lib/python3.11/site-packages (from pandas->fmri-edm-ccm==0.0.1) (2025.2)
Requirement already satisfied: tzdata>=2022.7 in /flash/PaoU/seann/fmri-edm-ccm/.venv/lib/python3.11/site-packages (from pandas->fmri-edm-ccm==0.0.1) (2025.2)
Requirement already satisfied: scipy>=1.8.0 in /flash/PaoU/seann/fmri-edm-ccm/.venv/lib/python3.11/site-packages (from scikit-learn->fmri-edm-ccm==0.0.1) (1.16.3)
Requirement already satisfied: joblib>=1.2.0 in /flash/PaoU/seann/fmri-edm-ccm/.venv/lib/python3.11/site-packages (from scikit-learn->fmri-edm-ccm==0.0.1) (1.5.2)
Requirement already satisfied: threadpoolctl>=3.1.0 in /flash/PaoU/seann/fmri-edm-ccm/.venv/lib/python3.11/site-packages (from scikit-learn->fmri-edm-ccm==0.0.1) (3.6.0)
Building wheels for collected packages: fmri-edm-ccm
  Building editable for fmri-edm-ccm (pyproject.toml): started
  Building editable for fmri-edm-ccm (pyproject.toml): finished with status 'done'
  Created wheel for fmri-edm-ccm: filename=fmri_edm_ccm-0.0.1-0.editable-py3-none-any.whl size=2368 sha256=068f3084b1070ba2d0190d990f71195e7c9176dbbd69b9300af7e5209f1ddd0f
  Stored in directory: /scratch/pip-ephem-wheel-cache-14_kooj8/wheels/1d/eb/a1/c1fd967dff48be7865b785e5fdf542f597617ec444f71555e8
Successfully built fmri-edm-ccm
Installing collected packages: fmri-edm-ccm
  Attempting uninstall: fmri-edm-ccm
    Found existing installation: fmri-edm-ccm 0.0.1
    Uninstalling fmri-edm-ccm-0.0.1:
      Successfully uninstalled fmri-edm-ccm-0.0.1
Successfully installed fmri-edm-ccm-0.0.1
Running Day18 story-cache batch with command:
  python /flash/PaoU/seann/fmri-edm-ccm/scripts/run_story_cache_batch.py --config configs/demo.yaml --subjects UTS03 --stories adollshouse adventuresinsayingyes afatherscover againstthewind alternateithicatom avatar backsideofthestorm becomingindian beneaththemushroomcloud birthofanation bluehope breakingupintheageofgoogle buck catfishingstrangerstofindmyself cautioneating christmas1940 cocoonoflove comingofageondeathrow exorcism eyespy firetestforlove food forgettingfear fromboyhoodtofatherhood gangstersandcookies goingthelibertyway goldiethegoldfish golfclubbing gpsformylostidentity hangtime haveyoumethimyet howtodraw ifthishaircouldtalk inamoment itsabox jugglingandjesus kiksuya leavingbaghdad legacy life lifeanddeathontheoregontrail lifereimagined listo mayorofthefreaks metsmagic mybackseatviewofagreatromance myfathershands myfirstdaywiththeyankees naked notontheusualtour odetostepfather onlyonewaytofindout penpal quietfire reachingoutbetweenthebars shoppinginchina singlewomanseekingmanwich sloth souls stagefright stumblinginthedark superheroesjustforeachother sweetaspie swimmingwithastronauts thatthingonmyarm theadvancedbeginner theclosetthatateeverything thecurse thefreedomridersandme theinterview thepostmanalwayscalls theshower thetiniestbouquet thetriangleshirtwaistconnection threemonths thumbsup tildeath treasureisland undertheinfluence vixenandtheussr waitingtogo whenmothersbullyback wheretheressmoke wildwomenanddancingqueens
[INFO] Prepared 93 subject/story pairs.

=== Building cache for UTS03 / adollshouse ===
[INFO] Cache refreshed for UTS03/adollshouse

=== Building cache for UTS03 / adventuresinsayingyes ===
[INFO] Cache refreshed for UTS03/adventuresinsayingyes

=== Building cache for UTS03 / afatherscover ===
[INFO] Cache refreshed for UTS03/afatherscover

=== Building cache for UTS03 / againstthewind ===
[INFO] Cache refreshed for UTS03/againstthewind

=== Building cache for UTS03 / alternateithicatom ===
[INFO] Cache refreshed for UTS03/alternateithicatom

=== Building cache for UTS03 / avatar ===
[INFO] Cache refreshed for UTS03/avatar

=== Building cache for UTS03 / backsideofthestorm ===
[INFO] Cache refreshed for UTS03/backsideofthestorm

=== Building cache for UTS03 / becomingindian ===
[INFO] Cache refreshed for UTS03/becomingindian

=== Building cache for UTS03 / beneaththemushroomcloud ===
[INFO] Cache refreshed for UTS03/beneaththemushroomcloud

=== Building cache for UTS03 / birthofanation ===
[INFO] Cache refreshed for UTS03/birthofanation

=== Building cache for UTS03 / bluehope ===
[INFO] Cache refreshed for UTS03/bluehope

=== Building cache for UTS03 / breakingupintheageofgoogle ===
[INFO] Cache refreshed for UTS03/breakingupintheageofgoogle

=== Building cache for UTS03 / buck ===
[INFO] Cache refreshed for UTS03/buck

=== Building cache for UTS03 / catfishingstrangerstofindmyself ===
[INFO] Cache refreshed for UTS03/catfishingstrangerstofindmyself

=== Building cache for UTS03 / cautioneating ===
[INFO] Cache refreshed for UTS03/cautioneating

=== Building cache for UTS03 / christmas1940 ===
[INFO] Cache refreshed for UTS03/christmas1940

=== Building cache for UTS03 / cocoonoflove ===
[INFO] Cache refreshed for UTS03/cocoonoflove

=== Building cache for UTS03 / comingofageondeathrow ===
[INFO] Cache refreshed for UTS03/comingofageondeathrow

=== Building cache for UTS03 / exorcism ===
[INFO] Cache refreshed for UTS03/exorcism

=== Building cache for UTS03 / eyespy ===
[INFO] Cache refreshed for UTS03/eyespy

=== Building cache for UTS03 / firetestforlove ===
[INFO] Cache refreshed for UTS03/firetestforlove

=== Building cache for UTS03 / food ===
[INFO] Cache refreshed for UTS03/food

=== Building cache for UTS03 / forgettingfear ===
[INFO] Cache refreshed for UTS03/forgettingfear

=== Building cache for UTS03 / fromboyhoodtofatherhood ===
[INFO] Cache refreshed for UTS03/fromboyhoodtofatherhood

=== Building cache for UTS03 / gangstersandcookies ===
[INFO] Cache refreshed for UTS03/gangstersandcookies

=== Building cache for UTS03 / goingthelibertyway ===
[INFO] Cache refreshed for UTS03/goingthelibertyway

=== Building cache for UTS03 / goldiethegoldfish ===
[INFO] Cache refreshed for UTS03/goldiethegoldfish

=== Building cache for UTS03 / golfclubbing ===
[INFO] Cache refreshed for UTS03/golfclubbing

=== Building cache for UTS03 / gpsformylostidentity ===
[INFO] Cache refreshed for UTS03/gpsformylostidentity

=== Building cache for UTS03 / hangtime ===
[INFO] Cache refreshed for UTS03/hangtime

=== Building cache for UTS03 / haveyoumethimyet ===
[INFO] Cache refreshed for UTS03/haveyoumethimyet

=== Building cache for UTS03 / howtodraw ===
[INFO] Cache refreshed for UTS03/howtodraw

=== Building cache for UTS03 / ifthishaircouldtalk ===
[INFO] Cache refreshed for UTS03/ifthishaircouldtalk

=== Building cache for UTS03 / inamoment ===
[INFO] Cache refreshed for UTS03/inamoment

=== Building cache for UTS03 / itsabox ===
[INFO] Cache refreshed for UTS03/itsabox

=== Building cache for UTS03 / jugglingandjesus ===
[INFO] Cache refreshed for UTS03/jugglingandjesus

=== Building cache for UTS03 / kiksuya ===
[INFO] Cache refreshed for UTS03/kiksuya

=== Building cache for UTS03 / leavingbaghdad ===
[INFO] Cache refreshed for UTS03/leavingbaghdad

=== Building cache for UTS03 / legacy ===
[INFO] Cache refreshed for UTS03/legacy

=== Building cache for UTS03 / life ===
[INFO] Cache refreshed for UTS03/life

=== Building cache for UTS03 / lifeanddeathontheoregontrail ===
[INFO] Cache refreshed for UTS03/lifeanddeathontheoregontrail

=== Building cache for UTS03 / lifereimagined ===
[INFO] Cache refreshed for UTS03/lifereimagined

=== Building cache for UTS03 / listo ===
[INFO] Cache refreshed for UTS03/listo

=== Building cache for UTS03 / mayorofthefreaks ===
[INFO] Cache refreshed for UTS03/mayorofthefreaks

=== Building cache for UTS03 / metsmagic ===
[INFO] Cache refreshed for UTS03/metsmagic

=== Building cache for UTS03 / mybackseatviewofagreatromance ===
[INFO] Cache refreshed for UTS03/mybackseatviewofagreatromance

=== Building cache for UTS03 / myfathershands ===
[INFO] Cache refreshed for UTS03/myfathershands

=== Building cache for UTS03 / myfirstdaywiththeyankees ===
[INFO] Cache refreshed for UTS03/myfirstdaywiththeyankees

=== Building cache for UTS03 / naked ===
[INFO] Cache refreshed for UTS03/naked

=== Building cache for UTS03 / notontheusualtour ===
[INFO] Cache refreshed for UTS03/notontheusualtour

=== Building cache for UTS03 / odetostepfather ===
[INFO] Cache refreshed for UTS03/odetostepfather

=== Building cache for UTS03 / onlyonewaytofindout ===
[INFO] Cache refreshed for UTS03/onlyonewaytofindout

=== Building cache for UTS03 / penpal ===
[INFO] Cache refreshed for UTS03/penpal

=== Building cache for UTS03 / quietfire ===
[INFO] Cache refreshed for UTS03/quietfire

=== Building cache for UTS03 / reachingoutbetweenthebars ===
[INFO] Cache refreshed for UTS03/reachingoutbetweenthebars

=== Building cache for UTS03 / shoppinginchina ===
[INFO] Cache refreshed for UTS03/shoppinginchina

=== Building cache for UTS03 / singlewomanseekingmanwich ===
[INFO] Cache refreshed for UTS03/singlewomanseekingmanwich

=== Building cache for UTS03 / sloth ===
[INFO] Cache refreshed for UTS03/sloth

=== Building cache for UTS03 / souls ===
[INFO] Cache refreshed for UTS03/souls

=== Building cache for UTS03 / stagefright ===
[INFO] Cache refreshed for UTS03/stagefright

=== Building cache for UTS03 / stumblinginthedark ===
[INFO] Cache refreshed for UTS03/stumblinginthedark

=== Building cache for UTS03 / superheroesjustforeachother ===
[INFO] Cache refreshed for UTS03/superheroesjustforeachother

=== Building cache for UTS03 / sweetaspie ===
[INFO] Cache refreshed for UTS03/sweetaspie

=== Building cache for UTS03 / swimmingwithastronauts ===
[INFO] Cache refreshed for UTS03/swimmingwithastronauts

=== Building cache for UTS03 / thatthingonmyarm ===
[INFO] Cache refreshed for UTS03/thatthingonmyarm

=== Building cache for UTS03 / theadvancedbeginner ===
[INFO] Cache refreshed for UTS03/theadvancedbeginner

=== Building cache for UTS03 / theclosetthatateeverything ===
[INFO] Cache refreshed for UTS03/theclosetthatateeverything

=== Building cache for UTS03 / thecurse ===
[INFO] Cache refreshed for UTS03/thecurse

=== Building cache for UTS03 / thefreedomridersandme ===
[INFO] Cache refreshed for UTS03/thefreedomridersandme

=== Building cache for UTS03 / theinterview ===
[INFO] Cache refreshed for UTS03/theinterview

=== Building cache for UTS03 / thepostmanalwayscalls ===
[INFO] Cache refreshed for UTS03/thepostmanalwayscalls

=== Building cache for UTS03 / theshower ===
[INFO] Cache refreshed for UTS03/theshower

=== Building cache for UTS03 / thetiniestbouquet ===
[INFO] Cache refreshed for UTS03/thetiniestbouquet

=== Building cache for UTS03 / thetriangleshirtwaistconnection ===
[INFO] Cache refreshed for UTS03/thetriangleshirtwaistconnection

=== Building cache for UTS03 / threemonths ===
[INFO] Cache refreshed for UTS03/threemonths

=== Building cache for UTS03 / thumbsup ===
[INFO] Cache refreshed for UTS03/thumbsup

=== Building cache for UTS03 / tildeath ===
[INFO] Cache refreshed for UTS03/tildeath

=== Building cache for UTS03 / treasureisland ===
[INFO] Cache refreshed for UTS03/treasureisland

=== Building cache for UTS03 / undertheinfluence ===
[INFO] Cache refreshed for UTS03/undertheinfluence

=== Building cache for UTS03 / vixenandtheussr ===
[INFO] Cache refreshed for UTS03/vixenandtheussr

=== Building cache for UTS03 / waitingtogo ===
[INFO] Cache refreshed for UTS03/waitingtogo

=== Building cache for UTS03 / whenmothersbullyback ===
[INFO] Cache refreshed for UTS03/whenmothersbullyback

=== Building cache for UTS03 / wheretheressmoke (run-1) ===
[INFO] Cache refreshed for UTS03/wheretheressmoke (run-1)

=== Building cache for UTS03 / wheretheressmoke (run-10) ===
[INFO] Cache refreshed for UTS03/wheretheressmoke (run-10)

=== Building cache for UTS03 / wheretheressmoke (run-2) ===
[INFO] Cache refreshed for UTS03/wheretheressmoke (run-2)

=== Building cache for UTS03 / wheretheressmoke (run-3) ===
[INFO] Cache refreshed for UTS03/wheretheressmoke (run-3)

=== Building cache for UTS03 / wheretheressmoke (run-4) ===
[INFO] Cache refreshed for UTS03/wheretheressmoke (run-4)

=== Building cache for UTS03 / wheretheressmoke (run-5) ===
[INFO] Cache refreshed for UTS03/wheretheressmoke (run-5)

=== Building cache for UTS03 / wheretheressmoke (run-6) ===
[INFO] Cache refreshed for UTS03/wheretheressmoke (run-6)

=== Building cache for UTS03 / wheretheressmoke (run-7) ===
[INFO] Cache refreshed for UTS03/wheretheressmoke (run-7)

=== Building cache for UTS03 / wheretheressmoke (run-8) ===
[INFO] Cache refreshed for UTS03/wheretheressmoke (run-8)

=== Building cache for UTS03 / wheretheressmoke (run-9) ===
[INFO] Cache refreshed for UTS03/wheretheressmoke (run-9)

=== Building cache for UTS03 / wildwomenanddancingqueens ===
[INFO] Cache refreshed for UTS03/wildwomenanddancingqueens
