Running Day26 smoothing sweep with command:
  python /flash/PaoU/seann/fmri-edm-ccm/scripts/day26_smoothing_mde.py --config configs/demo.yaml --subject UTS01 --story breakingupintheageofgoogle --target cat_emotional --window-start 0.0 --window-stop 1.25 --window-step 0.25 --ccm-samples 10 --features-eval-base features_day26_eval_cli_90_detrend_moving_average_story2CAE/breakingupintheageofgoogle/cat_emotional_ --figs-base figs/UTS01/breakingupintheageofgoogle/day26_smoothing_cli_MDE90step_detrend_moving_average_story2CAE/cat_emotional_ --use-cae --methods moving_average --windows 10.0 15.0 20.0 --max-predictors 90 --huth-preproc --preproc-window 120.0 --preproc-trim 10.0 --preproc-polyorder 2 --preproc-zscore
/flash/PaoU/seann/fmri-edm-ccm/src/day19_category_builder.py:823: UserWarning: Day16 trimmed PCs not found; skipping auto-alignment.
  warnings.warn("Day16 trimmed PCs not found; skipping auto-alignment.")
Configured 4 smoothing settings for UTS01/breakingupintheageofgoogle.

=== none_0p00: method=moving_average window=0.00s ===
=== Day19 category build for UTS01 / breakingupintheageofgoogle ===
Loaded 3973 transcript events.
TR edges: 533 (n_tr=532) spanning 1064.00 seconds.
Loaded English1000 embeddings from /bucket/PaoU/seann/openneuro/ds003020/derivative/english1000sm.hf5 (vocab=10470).
Loaded Word2Vec fallback from embeddings/GoogleNews-vectors-negative300.bin.
Applied fallback transform from embeddings/fallback_to_english1000.npz.
Loaded 12 CSV-driven categories from /flash/PaoU/seann/fmri-edm-ccm/configs/cluster_words.csv: ['abstract', 'communal', 'emotional', 'locational', 'mental', 'numeric', 'professional', 'social', 'tactile', 'temporal', 'violent', 'visual']
Tokens with embeddings: 3933/3973 (OOV rate=1.01%).
Canonical bins without tokens: 0/21253
TRs without tokens: 0/532
   tr_index  start_sec  end_sec  ...  cat_temporal  cat_violent  cat_visual
0         0        0.0      2.0  ...     -0.010756    -0.144268    0.077421
1         1        2.0      4.0  ...      0.123195     0.112661    0.001877
2         2        4.0      6.0  ...      0.304762     0.103322   -0.019770
3         3        6.0      8.0  ...      0.200406     0.070662   -0.040287
4         4        8.0     10.0  ...      0.195152     0.183356   -0.020992

[5 rows x 15 columns]
Saved category plot to /flash/PaoU/seann/fmri-edm-ccm/figs/UTS01/breakingupintheageofgoogle/day26_smoothing_cli_MDE90step_detrend_moving_average_story2CAE/cat_emotional_/none_0p00/category_timeseries_overview.png
