Running Day26 smoothing sweep with command:
  python /flash/PaoU/seann/fmri-edm-ccm/scripts/day26_smoothing_mde.py --config configs/demo.yaml --subject UTS01 --story wheretheressmoke --target cat_numeric --window-start 0.0 --window-stop 1.25 --window-step 0.25 --ccm-samples 10 --features-eval-base features_day26_eval_cli_90/wheretheressmoke/cat_numeric_ --figs-base figs/UTS01/wheretheressmoke/day26_smoothing_cli_MDE90step/cat_numeric_ --methods gaussian moving_average --windows 0.0 0.25 1.0 --max-predictors 90
Configured 5 smoothing settings for UTS01/wheretheressmoke.

=== none_0p00: method=moving_average window=0.00s ===
=== Day19 category build for UTS01 / wheretheressmoke ===
Loaded 2308 transcript events.
TR edges: 302 (n_tr=301) spanning 602.00 seconds.
Loaded English1000 embeddings from /bucket/PaoU/seann/openneuro/ds003020/derivative/english1000sm.hf5 (vocab=10470).
Loaded Word2Vec fallback from embeddings/GoogleNews-vectors-negative300.bin.
Applied fallback transform from embeddings/fallback_to_english1000.npz.
Loaded 12 CSV-driven categories from /flash/PaoU/seann/fmri-edm-ccm/configs/cluster_words.csv: ['abstract', 'communal', 'emotional', 'locational', 'mental', 'numeric', 'professional', 'social', 'tactile', 'temporal', 'violent', 'visual']
Tokens with embeddings: 2175/2308 (OOV rate=5.76%).
Canonical bins without tokens: 0/12039
TRs without tokens: 0/301
   tr_index  start_sec  end_sec  ...  cat_temporal  cat_violent  cat_visual
0         0        0.0      2.0  ...      0.114392     0.061154    0.032083
1         1        2.0      4.0  ...      0.069500     0.172069   -0.069580
2         2        4.0      6.0  ...      0.059713     0.110658    0.052418
3         3        6.0      8.0  ...      0.114209     0.121338    0.279838
4         4        8.0     10.0  ...      0.180627     0.108298    0.039536

[5 rows x 15 columns]
Saved category plot to /flash/PaoU/seann/fmri-edm-ccm/figs/UTS01/wheretheressmoke/day26_smoothing_cli_MDE90step/cat_numeric_/none_0p00/category_timeseries_overview.png
