Running Day26 smoothing sweep with command:
  python /flash/PaoU/seann/fmri-edm-ccm/scripts/day26_smoothing_mde.py --config configs/demo.yaml --subject UTS07 --story wheretheressmoke --target cat_numeric --window-start 0.0 --window-stop 1.25 --window-step 0.25 --ccm-samples 10 --features-eval-base features_new_day26_eval_cli_90_detrend_gaussianCAE/wheretheressmoke/run-1/cat_numeric_ --bold-run run-1 --figs-base figs_new/UTS07/wheretheressmoke/run-1/day26_smoothing_cli_MDE90step_detrend_gaussian_CAE/cat_numeric_ --use-cae --methods gaussian --windows 10.0 --max-predictors 90 --huth-preproc --preproc-window 120.0 --preproc-trim 10.0 --preproc-polyorder 2 --preproc-zscore
Matplotlib is building the font cache; this may take a moment.
/flash/PaoU/seann/fmri-edm-ccm/src/day19_category_builder.py:883: UserWarning: Day16 trimmed PCs not found; skipping auto-alignment.
  warnings.warn("Day16 trimmed PCs not found; skipping auto-alignment.")
Configured 1 smoothing settings for UTS07/wheretheressmoke (run-1).

=== gauss_10p00: method=gaussian window=10.00s ===
=== Day19 category build for UTS07 / wheretheressmoke ===
Loaded 2308 transcript events.
TR edges: 302 (n_tr=301) spanning 602.00 seconds.
Loaded English1000 embeddings from /bucket/PaoU/seann/openneuro/ds003020/derivative/english1000sm.hf5 (vocab=10470).
Loaded Word2Vec fallback from embeddings/GoogleNews-vectors-negative300.bin.
Applied fallback transform from embeddings/fallback_to_english1000.npz.
Loaded 12 CSV-driven categories from /flash/PaoU/seann/fmri-edm-ccm/configs/cluster_words.csv: ['abstract', 'communal', 'emotional', 'locational', 'mental', 'numeric', 'professional', 'social', 'tactile', 'temporal', 'violent', 'visual']
Tokens with embeddings: 2175/2308 (OOV rate=5.76%).
Canonical bins without tokens: 0/12039
TRs without tokens: 0/301
   tr_index  start_sec  end_sec  ...  cat_temporal  cat_violent  cat_visual
0         0        0.0      2.0  ...      0.107608     0.099772    0.048063
1         1        2.0      4.0  ...      0.095926     0.098924    0.012242
2         2        4.0      6.0  ...      0.079719     0.108728   -0.000600
3         3        6.0      8.0  ...      0.079393     0.111925    0.054462
4         4        8.0     10.0  ...      0.112814     0.124714    0.096215

[5 rows x 15 columns]
Saved category plot to /flash/PaoU/seann/fmri-edm-ccm/figs_new/UTS07/wheretheressmoke/run-1/day26_smoothing_cli_MDE90step_detrend_gaussian_CAE/cat_numeric_/gauss_10p00/category_timeseries_overview.png
slurmstepd-deigo011934: error: *** JOB 20974173 ON deigo011934 CANCELLED AT 2025-12-15T17:06:00 DUE TO TIME LIMIT ***
