Running Day26 smoothing sweep with command:
  python /flash/PaoU/seann/fmri-edm-ccm/scripts/day26_smoothing_mde.py --config configs/demo.yaml --subject UTS07 --story wheretheressmoke --target cat_tactile --window-start 0.0 --window-stop 1.25 --window-step 0.25 --ccm-samples 10 --features-eval-base features_new_day26_eval_cli_90_detrend_gaussianCAE/wheretheressmoke/cat_tactile_ --bold-run run-5 --figs-base figs_new/UTS07/wheretheressmoke/day26_smoothing_cli_MDE90step_detrend_gaussian_CAE/cat_tactile_ --use-cae --methods gaussian --windows 20.0 --max-predictors 90 --huth-preproc --preproc-window 120.0 --preproc-trim 10.0 --preproc-polyorder 2 --preproc-zscore
/flash/PaoU/seann/fmri-edm-ccm/src/day19_category_builder.py:883: UserWarning: Day16 trimmed PCs not found; skipping auto-alignment.
  warnings.warn("Day16 trimmed PCs not found; skipping auto-alignment.")
Configured 1 smoothing settings for UTS07/wheretheressmoke (run-5).

=== gauss_20p00: method=gaussian window=20.00s ===
=== Day19 category build for UTS07 / wheretheressmoke ===
Loaded 2308 transcript events.
TR edges: 302 (n_tr=301) spanning 602.00 seconds.
Loaded English1000 embeddings from /bucket/PaoU/seann/openneuro/ds003020/derivative/english1000sm.hf5 (vocab=10470).
Loaded Word2Vec fallback from embeddings/GoogleNews-vectors-negative300.bin.
Applied fallback transform from embeddings/fallback_to_english1000.npz.
Loaded 12 CSV-driven categories from /flash/PaoU/seann/fmri-edm-ccm/configs/cluster_words.csv: ['abstract', 'communal', 'emotional', 'locational', 'mental', 'numeric', 'professional', 'social', 'tactile', 'temporal', 'violent', 'visual']
Tokens with embeddings: 2175/2308 (OOV rate=5.76%).
Canonical bins without tokens: 0/12039
TRs without tokens: 0/301
   tr_index  start_sec  end_sec  ...  cat_temporal  cat_violent  cat_visual
0         0        0.0      2.0  ...      0.119982     0.130947    0.041409
1         1        2.0      4.0  ...      0.109687     0.123385    0.026854
2         2        4.0      6.0  ...      0.097234     0.121602    0.019987
3         3        6.0      8.0  ...      0.093385     0.118253    0.045312
4         4        8.0     10.0  ...      0.106612     0.121466    0.065343

[5 rows x 15 columns]
Saved category plot to /flash/PaoU/seann/fmri-edm-ccm/figs_new/UTS07/wheretheressmoke/day26_smoothing_cli_MDE90step_detrend_gaussian_CAE/cat_tactile_/gauss_20p00/category_timeseries_overview.png
slurmstepd-deigo011804: error: *** JOB 19788103 ON deigo011804 CANCELLED AT 2025-12-12T15:17:47 ***
