Running Day26 smoothing sweep with command:
  python /flash/PaoU/seann/fmri-edm-ccm/scripts/day26_smoothing_mde.py --config configs/demo.yaml --subject UTS07 --story wheretheressmoke --target cat_temporal --window-start 0.0 --window-stop 1.25 --window-step 0.25 --ccm-samples 10 --features-eval-base features_new_day26_eval_cli_90_detrend_gaussianCAE/wheretheressmoke/run-3/cat_temporal_ --bold-run run-3 --figs-base figs_new/UTS07/wheretheressmoke/run-3/day26_smoothing_cli_MDE90step_detrend_gaussian_CAE/cat_temporal_ --use-cae --methods gaussian --windows 40.0 --max-predictors 90 --huth-preproc --preproc-window 120.0 --preproc-trim 10.0 --preproc-polyorder 2 --preproc-zscore
/flash/PaoU/seann/fmri-edm-ccm/src/day19_category_builder.py:883: UserWarning: Day16 trimmed PCs not found; skipping auto-alignment.
  warnings.warn("Day16 trimmed PCs not found; skipping auto-alignment.")
Configured 1 smoothing settings for UTS07/wheretheressmoke (run-3).

=== gauss_40p00: method=gaussian window=40.00s ===
=== Day19 category build for UTS07 / wheretheressmoke ===
Loaded 2308 transcript events.
TR edges: 302 (n_tr=301) spanning 602.00 seconds.
Loaded English1000 embeddings from /bucket/PaoU/seann/openneuro/ds003020/derivative/english1000sm.hf5 (vocab=10470).
Loaded Word2Vec fallback from embeddings/GoogleNews-vectors-negative300.bin.
Applied fallback transform from embeddings/fallback_to_english1000.npz.
Loaded 12 CSV-driven categories from /flash/PaoU/seann/fmri-edm-ccm/configs/cluster_words.csv: ['abstract', 'communal', 'emotional', 'locational', 'mental', 'numeric', 'professional', 'social', 'tactile', 'temporal', 'violent', 'visual']
Tokens with embeddings: 2175/2308 (OOV rate=5.76%).
Canonical bins without tokens: 0/12039
TRs without tokens: 0/301
   tr_index  start_sec  end_sec  ...  cat_temporal  cat_violent  cat_visual
0         0        0.0      2.0  ...      0.114068     0.161600   -0.002412
1         1        2.0      4.0  ...      0.109910     0.155251   -0.004772
2         2        4.0      6.0  ...      0.104400     0.151405   -0.003328
3         3        6.0      8.0  ...      0.102815     0.146478    0.014196
4         4        8.0     10.0  ...      0.109507     0.144851    0.028564

[5 rows x 15 columns]
Saved category plot to /flash/PaoU/seann/fmri-edm-ccm/figs_new/UTS07/wheretheressmoke/run-3/day26_smoothing_cli_MDE90step_detrend_gaussian_CAE/cat_temporal_/gauss_40p00/category_timeseries_overview.png
slurmstepd-deigo011130: error: *** JOB 21857555 ON deigo011130 CANCELLED AT 2025-12-28T20:17:35 ***
