Running Day26 smoothing sweep with command:
  python /flash/PaoU/seann/fmri-edm-ccm/scripts/day26_smoothing_mde.py --config configs/demo.yaml --subject UTS01 --story howtodraw --target cat_abstract --window-start 0.0 --window-stop 1.25 --window-step 0.25 --ccm-samples 10 --features-eval-base features_new_day26_eval_cli_90_detrend_gaussianCAE/howtodraw/cat_abstract_ --figs-base figs_new/UTS01/howtodraw/day26_smoothing_cli_MDE90step_detrend_gaussian_CAE/cat_abstract_ --use-cae --methods gaussian --windows 20.0 --max-predictors 90 --huth-preproc --preproc-window 120.0 --preproc-trim 10.0 --preproc-polyorder 2 --preproc-zscore
/flash/PaoU/seann/fmri-edm-ccm/src/day19_category_builder.py:883: UserWarning: Day16 trimmed PCs not found; skipping auto-alignment.
  warnings.warn("Day16 trimmed PCs not found; skipping auto-alignment.")
Configured 1 smoothing settings for UTS01/howtodraw.

=== gauss_20p00: method=gaussian window=20.00s ===
=== Day19 category build for UTS01 / howtodraw ===
Loaded 2516 transcript events.
TR edges: 366 (n_tr=365) spanning 730.00 seconds.
Loaded English1000 embeddings from /bucket/PaoU/seann/openneuro/ds003020/derivative/english1000sm.hf5 (vocab=10470).
Loaded Word2Vec fallback from embeddings/GoogleNews-vectors-negative300.bin.
Applied fallback transform from embeddings/fallback_to_english1000.npz.
Loaded 12 CSV-driven categories from /flash/PaoU/seann/fmri-edm-ccm/configs/cluster_words.csv: ['abstract', 'communal', 'emotional', 'locational', 'mental', 'numeric', 'professional', 'social', 'tactile', 'temporal', 'violent', 'visual']
Tokens with embeddings: 2319/2516 (OOV rate=7.83%).
Canonical bins without tokens: 0/14566
TRs without tokens: 0/365
   tr_index  start_sec  end_sec  ...  cat_temporal  cat_violent  cat_visual
0         0        0.0      2.0  ...      0.067264     0.145346   -0.044368
1         1        2.0      4.0  ...      0.074684     0.117745   -0.017687
2         2        4.0      6.0  ...      0.058274     0.071669    0.003009
3         3        6.0      8.0  ...      0.073171     0.109480   -0.008237
4         4        8.0     10.0  ...      0.077648     0.152155   -0.036416

[5 rows x 15 columns]
Saved category plot to /flash/PaoU/seann/fmri-edm-ccm/figs_new/UTS01/howtodraw/day26_smoothing_cli_MDE90step_detrend_gaussian_CAE/cat_abstract_/gauss_20p00/category_timeseries_overview.png
slurmstepd-deigo011115: error: *** JOB 19064825 ON deigo011115 CANCELLED AT 2025-12-05T09:17:09 DUE TO TIME LIMIT ***
